Random delays (name:delay) format:  {0: 0, 1: 4, 2: 0, 3: 4, 4: 1, 5: 4, 6: 2, 7: 0, 8: 1, 9: 2}
Max delay is 4
Work time is 1
Sorted delays (name:delay) format:  {0: 0, 2: 0, 7: 0, 4: 1, 8: 1, 6: 2, 9: 2, 1: 4, 3: 4, 5: 4}
Scheduler queue:  [Event(time=1513780227.5618012, priority=1, action=<function do_work at 0x00000000021810D0>, argument=(0,), kwargs={}), Event(time=1513780227.5618012, priority=1, action=<function do_work at 0x00000000021810D0>, argument=(2,), kwargs={}), Event(time=1513780227.5618012, priority=1, action=<function do_work at 0x00000000021810D0>, argument=(7,), kwargs={}), Event(time=1513780228.5618012, priority=1, action=<function do_work at 0x00000000021810D0>, argument=(4,), kwargs={}), Event(time=1513780228.5618012, priority=1, action=<function do_work at 0x00000000021810D0>, argument=(8,), kwargs={}), Event(time=1513780229.5618012, priority=1, action=<function do_work at 0x00000000021810D0>, argument=(6,), kwargs={}), Event(time=1513780229.5618012, priority=1, action=<function do_work at 0x00000000021810D0>, argument=(9,), kwargs={}), Event(time=1513780231.5618012, priority=1, action=<function do_work at 0x00000000021810D0>, argument=(5,), kwargs={}), Event(time=1513780231.5618012, priority=1, action=<function do_work at 0x00000000021810D0>, argument=(3,), kwargs={}), Event(time=1513780231.5618012, priority=1, action=<function do_work at 0x00000000021810D0>, argument=(1,), kwargs={})]
0 sec
0 performs ...
!!! 0 completed.
2 performs ...
1 sec
2 sec
!!! 2 completed.
7 performs ...
3 sec
!!! 7 completed.
4 performs ...
4 sec
!!! 4 completed.
8 performs ...
5 sec
!!! 8 completed.
6 performs ...
!!! 6 completed.
6 sec
9 performs ...
!!! 9 completed.
5 performs ...
7 sec
!!! 5 completed.
3 performs ...
8 sec
!!! 3 completed.
9 sec
1 performs ...
!!! 1 completed.
Scheduler completed. Thank you for your attention.
10 sec
11 sec
12 sec
13 sec
Bye Bye!!!
